2025-05-28 03:11:47,305 - __main__ - INFO - IP GeoTracer initialized
2025-05-28 03:11:47,306 - __main__ - INFO - Starting route trace from current to 208.67.222.222
2025-05-28 03:11:47,306 - __main__ - INFO - Resolving source location...
2025-05-28 03:11:47,310 - urllib3.connectionpool - DEBUG - Starting new HTTPS connection (1): api.seeip.org:443
2025-05-28 03:11:47,970 - urllib3.connectionpool - DEBUG - https://api.seeip.org:443 "GET / HTTP/1.1" 200 15
2025-05-28 03:11:47,971 - __main__ - INFO - Trying GeoJS API for IP 196.206.140.186
2025-05-28 03:11:47,973 - urllib3.connectionpool - DEBUG - Starting new HTTPS connection (1): get.geojs.io:443
2025-05-28 03:11:48,443 - urllib3.connectionpool - DEBUG - https://get.geojs.io:443 "GET /v1/ip/196.206.140.186/geo.json HTTP/1.1" 404 None
2025-05-28 03:11:48,444 - __main__ - WARNING - GeoJS API failed: 404 Client Error: Not Found for url: https://get.geojs.io/v1/ip/196.206.140.186/geo.json
2025-05-28 03:11:48,444 - __main__ - INFO - Trying ReallyFreeGeoIP API for IP 196.206.140.186
2025-05-28 03:11:48,446 - urllib3.connectionpool - DEBUG - Starting new HTTPS connection (1): reallyfreegeoip.org:443
2025-05-28 03:11:49,803 - urllib3.connectionpool - DEBUG - https://reallyfreegeoip.org:443 "GET /json/196.206.140.186 HTTP/1.1" 200 None
2025-05-28 03:11:49,804 - __main__ - INFO - Successfully located 196.206.140.186 using ReallyFreeGeoIP
2025-05-28 03:11:49,805 - __main__ - INFO - Resolving target location...
2025-05-28 03:11:49,805 - __main__ - INFO - Trying GeoJS API for IP 208.67.222.222
2025-05-28 03:11:49,991 - urllib3.connectionpool - DEBUG - https://get.geojs.io:443 "GET /v1/ip/208.67.222.222/geo.json HTTP/1.1" 404 None
2025-05-28 03:11:49,992 - __main__ - WARNING - GeoJS API failed: 404 Client Error: Not Found for url: https://get.geojs.io/v1/ip/208.67.222.222/geo.json
2025-05-28 03:11:49,993 - __main__ - INFO - Trying ReallyFreeGeoIP API for IP 208.67.222.222
2025-05-28 03:11:50,874 - urllib3.connectionpool - DEBUG - https://reallyfreegeoip.org:443 "GET /json/208.67.222.222 HTTP/1.1" 200 None
2025-05-28 03:11:50,875 - __main__ - INFO - Successfully located 208.67.222.222 using ReallyFreeGeoIP
2025-05-28 03:11:50,876 - __main__ - INFO - Calculating optimal route...
2025-05-28 03:11:50,876 - __main__ - INFO - Calculating route using OSRM...
2025-05-28 03:11:50,878 - urllib3.connectionpool - DEBUG - Starting new HTTP connection (1): router.project-osrm.org:80
2025-05-28 03:11:51,367 - urllib3.connectionpool - DEBUG - http://router.project-osrm.org:80 "GET /route/v1/driving/-7.0666,33.663;-122.3993,37.7642?overview=full&geometries=geojson&steps=true HTTP/1.1" 400 78
2025-05-28 03:11:51,368 - __main__ - ERROR - Route calculation failed: 400 Client Error: Bad Request for url: http://router.project-osrm.org/route/v1/driving/-7.0666,33.663;-122.3993,37.7642?overview=full&geometries=geojson&steps=true
2025-05-28 03:11:51,374 - __main__ - INFO - Generating 3D Plotly visualization...
2025-05-28 03:11:51,375 - __main__ - INFO - Creating 3D Plotly visualization...
2025-05-28 03:11:51,375 - __main__ - INFO - Fetching elevation profile...
2025-05-28 03:11:51,377 - urllib3.connectionpool - DEBUG - Starting new HTTPS connection (1): api.open-elevation.com:443
2025-05-28 03:11:52,410 - urllib3.connectionpool - DEBUG - https://api.open-elevation.com:443 "GET /api/v1/lookup?locations=33.663,-7.0666 HTTP/1.1" 200 None
2025-05-28 03:11:52,755 - urllib3.connectionpool - DEBUG - https://api.open-elevation.com:443 "GET /api/v1/lookup?locations=33.70572083333333,-8.267982291666666 HTTP/1.1" 200 None
2025-05-28 03:11:53,069 - urllib3.connectionpool - DEBUG - https://api.open-elevation.com:443 "GET /api/v1/lookup?locations=33.748441666666665,-9.469364583333334 HTTP/1.1" 200 None
2025-05-28 03:11:53,387 - urllib3.connectionpool - DEBUG - https://api.open-elevation.com:443 "GET /api/v1/lookup?locations=33.7911625,-10.670746875 HTTP/1.1" 200 None
2025-05-28 03:11:53,711 - urllib3.connectionpool - DEBUG - https://api.open-elevation.com:443 "GET /api/v1/lookup?locations=33.83388333333333,-11.872129166666667 HTTP/1.1" 200 None
2025-05-28 03:11:54,019 - urllib3.connectionpool - DEBUG - https://api.open-elevation.com:443 "GET /api/v1/lookup?locations=33.87660416666667,-13.073511458333334 HTTP/1.1" 200 None
2025-05-28 03:11:54,330 - urllib3.connectionpool - DEBUG - https://api.open-elevation.com:443 "GET /api/v1/lookup?locations=33.919325,-14.27489375 HTTP/1.1" 200 None
2025-05-28 03:11:54,635 - urllib3.connectionpool - DEBUG - https://api.open-elevation.com:443 "GET /api/v1/lookup?locations=33.96204583333333,-15.476276041666669 HTTP/1.1" 200 None
2025-05-28 03:11:54,939 - urllib3.connectionpool - DEBUG - https://api.open-elevation.com:443 "GET /api/v1/lookup?locations=34.00476666666666,-16.677658333333333 HTTP/1.1" 200 None
2025-05-28 03:11:55,160 - urllib3.connectionpool - DEBUG - https://api.open-elevation.com:443 "GET /api/v1/lookup?locations=34.047487499999995,-17.879040625000002 HTTP/1.1" 200 None
2025-05-28 03:11:55,379 - urllib3.connectionpool - DEBUG - https://api.open-elevation.com:443 "GET /api/v1/lookup?locations=34.09020833333333,-19.080422916666667 HTTP/1.1" 200 None
2025-05-28 03:11:55,693 - urllib3.connectionpool - DEBUG - https://api.open-elevation.com:443 "GET /api/v1/lookup?locations=34.13292916666666,-20.281805208333335 HTTP/1.1" 200 None
2025-05-28 03:11:55,912 - urllib3.connectionpool - DEBUG - https://api.open-elevation.com:443 "GET /api/v1/lookup?locations=34.17565,-21.4831875 HTTP/1.1" 200 None
2025-05-28 03:11:56,263 - urllib3.connectionpool - DEBUG - https://api.open-elevation.com:443 "GET /api/v1/lookup?locations=34.21837083333333,-22.684569791666664 HTTP/1.1" 200 None
2025-05-28 03:11:56,483 - urllib3.connectionpool - DEBUG - https://api.open-elevation.com:443 "GET /api/v1/lookup?locations=34.261091666666665,-23.885952083333336 HTTP/1.1" 200 None
2025-05-28 03:11:56,959 - urllib3.connectionpool - DEBUG - https://api.open-elevation.com:443 "GET /api/v1/lookup?locations=34.3038125,-25.087334375 HTTP/1.1" 200 None
2025-05-28 03:11:57,255 - urllib3.connectionpool - DEBUG - https://api.open-elevation.com:443 "GET /api/v1/lookup?locations=34.34653333333333,-26.288716666666666 HTTP/1.1" 200 None
2025-05-28 03:11:57,547 - urllib3.connectionpool - DEBUG - https://api.open-elevation.com:443 "GET /api/v1/lookup?locations=34.38925416666667,-27.490098958333338 HTTP/1.1" 200 None
2025-05-28 03:11:57,794 - urllib3.connectionpool - DEBUG - https://api.open-elevation.com:443 "GET /api/v1/lookup?locations=34.431974999999994,-28.691481250000002 HTTP/1.1" 200 None
2025-05-28 03:11:58,272 - urllib3.connectionpool - DEBUG - https://api.open-elevation.com:443 "GET /api/v1/lookup?locations=34.47469583333333,-29.892863541666667 HTTP/1.1" 200 None
2025-05-28 03:11:58,558 - urllib3.connectionpool - DEBUG - https://api.open-elevation.com:443 "GET /api/v1/lookup?locations=34.51741666666666,-31.094245833333336 HTTP/1.1" 200 None
2025-05-28 03:11:58,794 - urllib3.connectionpool - DEBUG - https://api.open-elevation.com:443 "GET /api/v1/lookup?locations=34.560137499999996,-32.295628125 HTTP/1.1" 200 None
2025-05-28 03:11:59,061 - urllib3.connectionpool - DEBUG - https://api.open-elevation.com:443 "GET /api/v1/lookup?locations=34.60285833333333,-33.49701041666667 HTTP/1.1" 200 None
2025-05-28 03:11:59,329 - urllib3.connectionpool - DEBUG - https://api.open-elevation.com:443 "GET /api/v1/lookup?locations=34.645579166666664,-34.69839270833334 HTTP/1.1" 200 None
2025-05-28 03:11:59,683 - urllib3.connectionpool - DEBUG - https://api.open-elevation.com:443 "GET /api/v1/lookup?locations=34.6883,-35.899775 HTTP/1.1" 200 None
2025-05-28 03:11:59,951 - urllib3.connectionpool - DEBUG - https://api.open-elevation.com:443 "GET /api/v1/lookup?locations=34.73102083333333,-37.10115729166667 HTTP/1.1" 200 None
2025-05-28 03:12:00,215 - urllib3.connectionpool - DEBUG - https://api.open-elevation.com:443 "GET /api/v1/lookup?locations=34.773741666666666,-38.30253958333333 HTTP/1.1" 200 None
2025-05-28 03:12:00,432 - urllib3.connectionpool - DEBUG - https://api.open-elevation.com:443 "GET /api/v1/lookup?locations=34.8164625,-39.503921875 HTTP/1.1" 200 None
2025-05-28 03:12:00,696 - urllib3.connectionpool - DEBUG - https://api.open-elevation.com:443 "GET /api/v1/lookup?locations=34.859183333333334,-40.70530416666667 HTTP/1.1" 200 None
2025-05-28 03:12:01,133 - urllib3.connectionpool - DEBUG - https://api.open-elevation.com:443 "GET /api/v1/lookup?locations=34.90190416666667,-41.90668645833333 HTTP/1.1" 200 None
2025-05-28 03:12:01,449 - urllib3.connectionpool - DEBUG - https://api.open-elevation.com:443 "GET /api/v1/lookup?locations=34.944625,-43.10806875 HTTP/1.1" 200 None
2025-05-28 03:12:01,663 - urllib3.connectionpool - DEBUG - https://api.open-elevation.com:443 "GET /api/v1/lookup?locations=34.98734583333333,-44.30945104166667 HTTP/1.1" 200 None
2025-05-28 03:12:01,958 - urllib3.connectionpool - DEBUG - https://api.open-elevation.com:443 "GET /api/v1/lookup?locations=35.03006666666666,-45.51083333333333 HTTP/1.1" 200 None
2025-05-28 03:12:02,232 - urllib3.connectionpool - DEBUG - https://api.open-elevation.com:443 "GET /api/v1/lookup?locations=35.0727875,-46.712215625 HTTP/1.1" 200 None
2025-05-28 03:12:02,744 - urllib3.connectionpool - DEBUG - https://api.open-elevation.com:443 "GET /api/v1/lookup?locations=35.11550833333333,-47.913597916666674 HTTP/1.1" 200 None
2025-05-28 03:12:03,031 - urllib3.connectionpool - DEBUG - https://api.open-elevation.com:443 "GET /api/v1/lookup?locations=35.158229166666665,-49.114980208333336 HTTP/1.1" 200 None
2025-05-28 03:12:03,358 - urllib3.connectionpool - DEBUG - https://api.open-elevation.com:443 "GET /api/v1/lookup?locations=35.20095,-50.316362500000004 HTTP/1.1" 200 None
2025-05-28 03:12:03,664 - urllib3.connectionpool - DEBUG - https://api.open-elevation.com:443 "GET /api/v1/lookup?locations=35.24367083333333,-51.51774479166667 HTTP/1.1" 200 None
2025-05-28 03:12:03,950 - urllib3.connectionpool - DEBUG - https://api.open-elevation.com:443 "GET /api/v1/lookup?locations=35.28639166666667,-52.71912708333333 HTTP/1.1" 200 None
2025-05-28 03:12:04,234 - urllib3.connectionpool - DEBUG - https://api.open-elevation.com:443 "GET /api/v1/lookup?locations=35.3291125,-53.920509375 HTTP/1.1" 200 None
2025-05-28 03:12:04,811 - urllib3.connectionpool - DEBUG - https://api.open-elevation.com:443 "GET /api/v1/lookup?locations=35.371833333333335,-55.12189166666667 HTTP/1.1" 200 None
2025-05-28 03:12:05,107 - urllib3.connectionpool - DEBUG - https://api.open-elevation.com:443 "GET /api/v1/lookup?locations=35.41455416666667,-56.32327395833333 HTTP/1.1" 200 None
2025-05-28 03:12:05,332 - urllib3.connectionpool - DEBUG - https://api.open-elevation.com:443 "GET /api/v1/lookup?locations=35.457274999999996,-57.52465625 HTTP/1.1" 200 None
2025-05-28 03:12:05,603 - urllib3.connectionpool - DEBUG - https://api.open-elevation.com:443 "GET /api/v1/lookup?locations=35.49999583333333,-58.72603854166667 HTTP/1.1" 200 None
2025-05-28 03:12:05,873 - urllib3.connectionpool - DEBUG - https://api.open-elevation.com:443 "GET /api/v1/lookup?locations=35.542716666666664,-59.927420833333336 HTTP/1.1" 200 None
2025-05-28 03:12:06,175 - urllib3.connectionpool - DEBUG - https://api.open-elevation.com:443 "GET /api/v1/lookup?locations=35.5854375,-61.128803125000005 HTTP/1.1" 200 None
2025-05-28 03:12:06,393 - urllib3.connectionpool - DEBUG - https://api.open-elevation.com:443 "GET /api/v1/lookup?locations=35.62815833333333,-62.33018541666667 HTTP/1.1" 200 None
2025-05-28 03:12:06,662 - urllib3.connectionpool - DEBUG - https://api.open-elevation.com:443 "GET /api/v1/lookup?locations=35.670879166666666,-63.531567708333334 HTTP/1.1" 200 None
2025-05-28 03:12:06,936 - urllib3.connectionpool - DEBUG - https://api.open-elevation.com:443 "GET /api/v1/lookup?locations=35.7136,-64.73295 HTTP/1.1" 200 None
2025-05-28 03:12:07,201 - urllib3.connectionpool - DEBUG - https://api.open-elevation.com:443 "GET /api/v1/lookup?locations=35.756320833333334,-65.93433229166666 HTTP/1.1" 200 None
2025-05-28 03:12:07,436 - urllib3.connectionpool - DEBUG - https://api.open-elevation.com:443 "GET /api/v1/lookup?locations=35.79904166666667,-67.13571458333334 HTTP/1.1" 200 None
2025-05-28 03:12:07,657 - urllib3.connectionpool - DEBUG - https://api.open-elevation.com:443 "GET /api/v1/lookup?locations=35.8417625,-68.337096875 HTTP/1.1" 200 None
2025-05-28 03:12:07,932 - urllib3.connectionpool - DEBUG - https://api.open-elevation.com:443 "GET /api/v1/lookup?locations=35.884483333333336,-69.53847916666666 HTTP/1.1" 200 None
2025-05-28 03:12:08,228 - urllib3.connectionpool - DEBUG - https://api.open-elevation.com:443 "GET /api/v1/lookup?locations=35.92720416666667,-70.73986145833334 HTTP/1.1" 200 None
2025-05-28 03:12:08,508 - urllib3.connectionpool - DEBUG - https://api.open-elevation.com:443 "GET /api/v1/lookup?locations=35.969925,-71.94124375 HTTP/1.1" 200 None
2025-05-28 03:12:08,840 - urllib3.connectionpool - DEBUG - https://api.open-elevation.com:443 "GET /api/v1/lookup?locations=36.01264583333333,-73.14262604166666 HTTP/1.1" 200 None
2025-05-28 03:12:09,157 - urllib3.connectionpool - DEBUG - https://api.open-elevation.com:443 "GET /api/v1/lookup?locations=36.055366666666664,-74.34400833333333 HTTP/1.1" 200 None
2025-05-28 03:12:09,430 - urllib3.connectionpool - DEBUG - https://api.open-elevation.com:443 "GET /api/v1/lookup?locations=36.0980875,-75.545390625 HTTP/1.1" 200 None
2025-05-28 03:12:09,702 - urllib3.connectionpool - DEBUG - https://api.open-elevation.com:443 "GET /api/v1/lookup?locations=36.14080833333333,-76.74677291666666 HTTP/1.1" 200 None
2025-05-28 03:12:09,966 - urllib3.connectionpool - DEBUG - https://api.open-elevation.com:443 "GET /api/v1/lookup?locations=36.183529166666666,-77.94815520833333 HTTP/1.1" 200 None
2025-05-28 03:12:10,230 - urllib3.connectionpool - DEBUG - https://api.open-elevation.com:443 "GET /api/v1/lookup?locations=36.22625,-79.1495375 HTTP/1.1" 200 None
2025-05-28 03:12:10,452 - urllib3.connectionpool - DEBUG - https://api.open-elevation.com:443 "GET /api/v1/lookup?locations=36.268970833333334,-80.35091979166666 HTTP/1.1" 200 None
2025-05-28 03:12:10,695 - urllib3.connectionpool - DEBUG - https://api.open-elevation.com:443 "GET /api/v1/lookup?locations=36.31169166666667,-81.55230208333333 HTTP/1.1" 200 None
2025-05-28 03:12:10,977 - urllib3.connectionpool - DEBUG - https://api.open-elevation.com:443 "GET /api/v1/lookup?locations=36.3544125,-82.75368437499999 HTTP/1.1" 200 None
2025-05-28 03:12:11,245 - urllib3.connectionpool - DEBUG - https://api.open-elevation.com:443 "GET /api/v1/lookup?locations=36.397133333333336,-83.95506666666665 HTTP/1.1" 200 None
2025-05-28 03:12:11,523 - urllib3.connectionpool - DEBUG - https://api.open-elevation.com:443 "GET /api/v1/lookup?locations=36.43985416666667,-85.15644895833333 HTTP/1.1" 200 None
2025-05-28 03:12:11,789 - urllib3.connectionpool - DEBUG - https://api.open-elevation.com:443 "GET /api/v1/lookup?locations=36.482575,-86.35783124999999 HTTP/1.1" 200 None
2025-05-28 03:12:12,005 - urllib3.connectionpool - DEBUG - https://api.open-elevation.com:443 "GET /api/v1/lookup?locations=36.52529583333333,-87.55921354166667 HTTP/1.1" 200 None
2025-05-28 03:12:12,233 - urllib3.connectionpool - DEBUG - https://api.open-elevation.com:443 "GET /api/v1/lookup?locations=36.568016666666665,-88.76059583333334 HTTP/1.1" 200 None
2025-05-28 03:12:12,496 - urllib3.connectionpool - DEBUG - https://api.open-elevation.com:443 "GET /api/v1/lookup?locations=36.6107375,-89.961978125 HTTP/1.1" 200 None
2025-05-28 03:12:12,799 - urllib3.connectionpool - DEBUG - https://api.open-elevation.com:443 "GET /api/v1/lookup?locations=36.65345833333333,-91.16336041666666 HTTP/1.1" 200 None
2025-05-28 03:12:13,285 - urllib3.connectionpool - DEBUG - https://api.open-elevation.com:443 "GET /api/v1/lookup?locations=36.69617916666667,-92.36474270833334 HTTP/1.1" 200 None
2025-05-28 03:12:13,621 - urllib3.connectionpool - DEBUG - https://api.open-elevation.com:443 "GET /api/v1/lookup?locations=36.7389,-93.566125 HTTP/1.1" 200 None
2025-05-28 03:12:13,841 - urllib3.connectionpool - DEBUG - https://api.open-elevation.com:443 "GET /api/v1/lookup?locations=36.781620833333335,-94.76750729166666 HTTP/1.1" 200 None
2025-05-28 03:12:14,117 - urllib3.connectionpool - DEBUG - https://api.open-elevation.com:443 "GET /api/v1/lookup?locations=36.82434166666667,-95.96888958333334 HTTP/1.1" 200 None
2025-05-28 03:12:14,726 - urllib3.connectionpool - DEBUG - https://api.open-elevation.com:443 "GET /api/v1/lookup?locations=36.8670625,-97.170271875 HTTP/1.1" 200 None
2025-05-28 03:12:14,991 - urllib3.connectionpool - DEBUG - https://api.open-elevation.com:443 "GET /api/v1/lookup?locations=36.90978333333334,-98.37165416666666 HTTP/1.1" 200 None
2025-05-28 03:12:15,256 - urllib3.connectionpool - DEBUG - https://api.open-elevation.com:443 "GET /api/v1/lookup?locations=36.95250416666667,-99.57303645833333 HTTP/1.1" 200 None
2025-05-28 03:12:15,546 - urllib3.connectionpool - DEBUG - https://api.open-elevation.com:443 "GET /api/v1/lookup?locations=36.995225000000005,-100.77441875 HTTP/1.1" 200 None
2025-05-28 03:12:15,780 - urllib3.connectionpool - DEBUG - https://api.open-elevation.com:443 "GET /api/v1/lookup?locations=37.03794583333333,-101.97580104166666 HTTP/1.1" 200 None
2025-05-28 03:12:16,228 - urllib3.connectionpool - DEBUG - https://api.open-elevation.com:443 "GET /api/v1/lookup?locations=37.080666666666666,-103.17718333333333 HTTP/1.1" 200 None
2025-05-28 03:12:16,501 - urllib3.connectionpool - DEBUG - https://api.open-elevation.com:443 "GET /api/v1/lookup?locations=37.1233875,-104.378565625 HTTP/1.1" 200 None
2025-05-28 03:12:16,829 - urllib3.connectionpool - DEBUG - https://api.open-elevation.com:443 "GET /api/v1/lookup?locations=37.166108333333334,-105.57994791666665 HTTP/1.1" 200 None
2025-05-28 03:12:17,269 - urllib3.connectionpool - DEBUG - https://api.open-elevation.com:443 "GET /api/v1/lookup?locations=37.20882916666667,-106.78133020833333 HTTP/1.1" 200 None
2025-05-28 03:12:17,532 - urllib3.connectionpool - DEBUG - https://api.open-elevation.com:443 "GET /api/v1/lookup?locations=37.25155,-107.98271249999999 HTTP/1.1" 200 None
2025-05-28 03:12:17,829 - urllib3.connectionpool - DEBUG - https://api.open-elevation.com:443 "GET /api/v1/lookup?locations=37.294270833333336,-109.18409479166665 HTTP/1.1" 200 None
2025-05-28 03:12:18,167 - urllib3.connectionpool - DEBUG - https://api.open-elevation.com:443 "GET /api/v1/lookup?locations=37.33699166666667,-110.38547708333333 HTTP/1.1" 200 None
2025-05-28 03:12:18,394 - urllib3.connectionpool - DEBUG - https://api.open-elevation.com:443 "GET /api/v1/lookup?locations=37.379712500000004,-111.586859375 HTTP/1.1" 200 None
2025-05-28 03:12:18,722 - urllib3.connectionpool - DEBUG - https://api.open-elevation.com:443 "GET /api/v1/lookup?locations=37.42243333333334,-112.78824166666666 HTTP/1.1" 200 None
2025-05-28 03:12:19,042 - urllib3.connectionpool - DEBUG - https://api.open-elevation.com:443 "GET /api/v1/lookup?locations=37.46515416666667,-113.98962395833334 HTTP/1.1" 200 None
2025-05-28 03:12:19,322 - urllib3.connectionpool - DEBUG - https://api.open-elevation.com:443 "GET /api/v1/lookup?locations=37.507875,-115.19100625 HTTP/1.1" 200 None
2025-05-28 03:12:19,598 - urllib3.connectionpool - DEBUG - https://api.open-elevation.com:443 "GET /api/v1/lookup?locations=37.55059583333333,-116.39238854166666 HTTP/1.1" 200 None
2025-05-28 03:12:19,838 - urllib3.connectionpool - DEBUG - https://api.open-elevation.com:443 "GET /api/v1/lookup?locations=37.59331666666667,-117.59377083333334 HTTP/1.1" 200 None
2025-05-28 03:12:20,172 - urllib3.connectionpool - DEBUG - https://api.open-elevation.com:443 "GET /api/v1/lookup?locations=37.6360375,-118.795153125 HTTP/1.1" 200 None
2025-05-28 03:12:20,547 - urllib3.connectionpool - DEBUG - https://api.open-elevation.com:443 "GET /api/v1/lookup?locations=37.678758333333334,-119.99653541666666 HTTP/1.1" 200 None
2025-05-28 03:12:20,819 - urllib3.connectionpool - DEBUG - https://api.open-elevation.com:443 "GET /api/v1/lookup?locations=37.72147916666667,-121.19791770833334 HTTP/1.1" 200 None
2025-05-28 03:12:21,082 - urllib3.connectionpool - DEBUG - https://api.open-elevation.com:443 "GET /api/v1/lookup?locations=37.7642,-122.3993 HTTP/1.1" 200 None
2025-05-28 03:12:21,538 - urllib3.connectionpool - DEBUG - https://api.open-elevation.com:443 "GET /api/v1/lookup?locations=33.663,-7.0666 HTTP/1.1" 200 None
2025-05-28 03:12:21,670 - urllib3.connectionpool - DEBUG - https://api.open-elevation.com:443 "GET /api/v1/lookup?locations=37.7642,-122.3993 HTTP/1.1" 200 None
2025-05-28 03:12:21,911 - __main__ - INFO - 3D visualization saved as route_3d_plotly.html
2025-05-28 03:12:21,912 - __main__ - INFO - Generating Folium map...
2025-05-28 03:12:21,912 - __main__ - INFO - Creating Folium map...
2025-05-28 03:12:21,942 - __main__ - INFO - 2D map saved as route_2d_folium.html
2025-05-28 03:16:00,417 - __main__ - INFO - IP GeoTracer initialized
2025-05-28 03:16:00,418 - __main__ - INFO - Starting route trace from current to 8.8.8.8
2025-05-28 03:16:00,418 - __main__ - INFO - Resolving source location...
2025-05-28 03:16:01,113 - __main__ - INFO - Trying GeoJS API for IP 196.206.140.186
2025-05-28 03:16:01,592 - __main__ - WARNING - GeoJS API failed: 404 Client Error: Not Found for url: https://get.geojs.io/v1/ip/196.206.140.186/geo.json
2025-05-28 03:16:01,593 - __main__ - INFO - Trying ReallyFreeGeoIP API for IP 196.206.140.186
2025-05-28 03:16:01,935 - __main__ - INFO - Successfully located 196.206.140.186 using ReallyFreeGeoIP
2025-05-28 03:16:01,935 - __main__ - INFO - Resolving target location...
2025-05-28 03:16:01,936 - __main__ - INFO - Trying GeoJS API for IP 8.8.8.8
2025-05-28 03:16:02,118 - __main__ - WARNING - GeoJS API failed: 404 Client Error: Not Found for url: https://get.geojs.io/v1/ip/8.8.8.8/geo.json
2025-05-28 03:16:02,119 - __main__ - INFO - Trying ReallyFreeGeoIP API for IP 8.8.8.8
2025-05-28 03:16:03,010 - __main__ - INFO - Successfully located 8.8.8.8 using ReallyFreeGeoIP
2025-05-28 03:16:03,011 - __main__ - INFO - Calculating optimal route...
2025-05-28 03:16:03,011 - __main__ - INFO - Calculating route using OSRM...
2025-05-28 03:16:03,238 - __main__ - ERROR - Route calculation failed: 400 Client Error: Bad Request for url: http://router.project-osrm.org/route/v1/driving/-7.0666,33.663;-97.822,37.751?overview=full&geometries=geojson&steps=true
2025-05-28 03:16:03,244 - __main__ - INFO - Generating 3D Plotly visualization...
2025-05-28 03:16:03,244 - __main__ - INFO - Creating 3D Plotly visualization...
2025-05-28 03:16:03,245 - __main__ - INFO - Fetching elevation profile...
2025-05-28 03:16:26,659 - __main__ - INFO - 3D visualization saved as route_3d_plotly.html
2025-05-28 03:16:26,660 - __main__ - INFO - Generating Folium map...
2025-05-28 03:16:26,661 - __main__ - INFO - Creating Folium map...
2025-05-28 03:16:26,689 - __main__ - INFO - 2D map saved as route_2d_folium.html
2025-05-28 03:47:58,656 - __main__ - INFO - IP GeoTracer initialized
2025-05-28 03:47:58,657 - __main__ - INFO - Starting route trace from current to 208.67.222.222
2025-05-28 03:47:58,657 - __main__ - INFO - Resolving source location...
2025-05-28 03:47:58,659 - urllib3.connectionpool - DEBUG - Starting new HTTPS connection (1): api.seeip.org:443
2025-05-28 03:48:03,907 - urllib3.connectionpool - DEBUG - https://api.seeip.org:443 "GET / HTTP/1.1" 200 15
2025-05-28 03:48:03,909 - __main__ - INFO - Trying GeoJS API for IP 196.206.140.186
2025-05-28 03:48:03,910 - urllib3.connectionpool - DEBUG - Starting new HTTPS connection (1): get.geojs.io:443
2025-05-28 03:48:08,419 - urllib3.connectionpool - DEBUG - https://get.geojs.io:443 "GET /v1/ip/196.206.140.186/geo.json HTTP/1.1" 404 None
2025-05-28 03:48:08,421 - __main__ - WARNING - GeoJS API failed: 404 Client Error: Not Found for url: https://get.geojs.io/v1/ip/196.206.140.186/geo.json
2025-05-28 03:48:08,421 - __main__ - INFO - Trying ReallyFreeGeoIP API for IP 196.206.140.186
2025-05-28 03:48:08,423 - urllib3.connectionpool - DEBUG - Starting new HTTPS connection (1): reallyfreegeoip.org:443
2025-05-28 03:48:10,284 - urllib3.connectionpool - DEBUG - https://reallyfreegeoip.org:443 "GET /json/196.206.140.186 HTTP/1.1" 200 None
2025-05-28 03:48:10,286 - __main__ - INFO - Successfully located 196.206.140.186 using ReallyFreeGeoIP
2025-05-28 03:48:10,286 - __main__ - INFO - Resolving target location...
2025-05-28 03:48:10,287 - __main__ - INFO - Trying GeoJS API for IP 208.67.222.222
2025-05-28 03:48:10,616 - urllib3.connectionpool - DEBUG - https://get.geojs.io:443 "GET /v1/ip/208.67.222.222/geo.json HTTP/1.1" 404 None
2025-05-28 03:48:10,618 - __main__ - WARNING - GeoJS API failed: 404 Client Error: Not Found for url: https://get.geojs.io/v1/ip/208.67.222.222/geo.json
2025-05-28 03:48:10,619 - __main__ - INFO - Trying ReallyFreeGeoIP API for IP 208.67.222.222
2025-05-28 03:48:10,837 - urllib3.connectionpool - DEBUG - https://reallyfreegeoip.org:443 "GET /json/208.67.222.222 HTTP/1.1" 200 None
2025-05-28 03:48:10,838 - __main__ - INFO - Successfully located 208.67.222.222 using ReallyFreeGeoIP
2025-05-28 03:48:10,839 - __main__ - INFO - Calculating optimal route...
2025-05-28 03:48:10,840 - __main__ - INFO - Calculating route using OSRM...
2025-05-28 03:48:10,841 - urllib3.connectionpool - DEBUG - Starting new HTTP connection (1): router.project-osrm.org:80
2025-05-28 03:48:13,772 - urllib3.connectionpool - DEBUG - http://router.project-osrm.org:80 "GET /route/v1/driving/-7.0666,33.663;-122.3993,37.7642?overview=full&geometries=geojson&steps=true HTTP/1.1" 400 78
2025-05-28 03:48:13,773 - __main__ - ERROR - Route calculation failed: 400 Client Error: Bad Request for url: http://router.project-osrm.org/route/v1/driving/-7.0666,33.663;-122.3993,37.7642?overview=full&geometries=geojson&steps=true
2025-05-28 03:48:13,779 - __main__ - INFO - Generating 3D Plotly visualization...
2025-05-28 03:48:13,779 - __main__ - INFO - Creating 3D Plotly visualization...
2025-05-28 03:48:13,780 - __main__ - INFO - Fetching elevation profile...
2025-05-28 03:48:13,781 - urllib3.connectionpool - DEBUG - Starting new HTTPS connection (1): api.open-elevation.com:443
2025-05-28 03:48:19,164 - urllib3.connectionpool - DEBUG - https://api.open-elevation.com:443 "GET /api/v1/lookup?locations=33.663,-7.0666 HTTP/1.1" 200 None
2025-05-28 03:48:20,368 - urllib3.connectionpool - DEBUG - https://api.open-elevation.com:443 "GET /api/v1/lookup?locations=33.70572083333333,-8.267982291666666 HTTP/1.1" 200 None
2025-05-28 03:48:20,835 - urllib3.connectionpool - DEBUG - https://api.open-elevation.com:443 "GET /api/v1/lookup?locations=33.748441666666665,-9.469364583333334 HTTP/1.1" 200 None
2025-05-28 03:48:21,157 - urllib3.connectionpool - DEBUG - https://api.open-elevation.com:443 "GET /api/v1/lookup?locations=33.7911625,-10.670746875 HTTP/1.1" 200 None
2025-05-28 03:48:21,599 - urllib3.connectionpool - DEBUG - https://api.open-elevation.com:443 "GET /api/v1/lookup?locations=33.83388333333333,-11.872129166666667 HTTP/1.1" 200 None
2025-05-28 03:48:22,025 - urllib3.connectionpool - DEBUG - https://api.open-elevation.com:443 "GET /api/v1/lookup?locations=33.87660416666667,-13.073511458333334 HTTP/1.1" 200 None
2025-05-28 03:48:22,386 - urllib3.connectionpool - DEBUG - https://api.open-elevation.com:443 "GET /api/v1/lookup?locations=33.919325,-14.27489375 HTTP/1.1" 200 None
2025-05-28 03:48:22,778 - urllib3.connectionpool - DEBUG - https://api.open-elevation.com:443 "GET /api/v1/lookup?locations=33.96204583333333,-15.476276041666669 HTTP/1.1" 200 None
2025-05-28 03:48:23,284 - urllib3.connectionpool - DEBUG - https://api.open-elevation.com:443 "GET /api/v1/lookup?locations=34.00476666666666,-16.677658333333333 HTTP/1.1" 200 None
2025-05-28 03:48:23,769 - urllib3.connectionpool - DEBUG - https://api.open-elevation.com:443 "GET /api/v1/lookup?locations=34.047487499999995,-17.879040625000002 HTTP/1.1" 200 None
2025-05-28 03:48:24,271 - urllib3.connectionpool - DEBUG - https://api.open-elevation.com:443 "GET /api/v1/lookup?locations=34.09020833333333,-19.080422916666667 HTTP/1.1" 200 None
2025-05-28 03:48:24,772 - urllib3.connectionpool - DEBUG - https://api.open-elevation.com:443 "GET /api/v1/lookup?locations=34.13292916666666,-20.281805208333335 HTTP/1.1" 200 None
2025-05-28 03:48:25,283 - urllib3.connectionpool - DEBUG - https://api.open-elevation.com:443 "GET /api/v1/lookup?locations=34.17565,-21.4831875 HTTP/1.1" 200 None
2025-05-28 03:48:25,812 - urllib3.connectionpool - DEBUG - https://api.open-elevation.com:443 "GET /api/v1/lookup?locations=34.21837083333333,-22.684569791666664 HTTP/1.1" 200 None
2025-05-28 03:48:26,991 - urllib3.connectionpool - DEBUG - https://api.open-elevation.com:443 "GET /api/v1/lookup?locations=34.261091666666665,-23.885952083333336 HTTP/1.1" 200 None
2025-05-28 03:48:29,233 - urllib3.connectionpool - DEBUG - https://api.open-elevation.com:443 "GET /api/v1/lookup?locations=34.3038125,-25.087334375 HTTP/1.1" 200 None
2025-05-28 03:48:30,171 - urllib3.connectionpool - DEBUG - https://api.open-elevation.com:443 "GET /api/v1/lookup?locations=34.34653333333333,-26.288716666666666 HTTP/1.1" 200 None
2025-05-28 03:48:30,944 - urllib3.connectionpool - DEBUG - https://api.open-elevation.com:443 "GET /api/v1/lookup?locations=34.38925416666667,-27.490098958333338 HTTP/1.1" 200 None
2025-05-28 03:48:31,278 - urllib3.connectionpool - DEBUG - https://api.open-elevation.com:443 "GET /api/v1/lookup?locations=34.431974999999994,-28.691481250000002 HTTP/1.1" 200 None
2025-05-28 03:48:31,867 - urllib3.connectionpool - DEBUG - https://api.open-elevation.com:443 "GET /api/v1/lookup?locations=34.47469583333333,-29.892863541666667 HTTP/1.1" 200 None
2025-05-28 03:48:32,352 - urllib3.connectionpool - DEBUG - https://api.open-elevation.com:443 "GET /api/v1/lookup?locations=34.51741666666666,-31.094245833333336 HTTP/1.1" 200 None
2025-05-28 03:48:32,789 - urllib3.connectionpool - DEBUG - https://api.open-elevation.com:443 "GET /api/v1/lookup?locations=34.560137499999996,-32.295628125 HTTP/1.1" 200 None
2025-05-28 03:48:33,125 - urllib3.connectionpool - DEBUG - https://api.open-elevation.com:443 "GET /api/v1/lookup?locations=34.60285833333333,-33.49701041666667 HTTP/1.1" 200 None
2025-05-28 03:48:33,488 - urllib3.connectionpool - DEBUG - https://api.open-elevation.com:443 "GET /api/v1/lookup?locations=34.645579166666664,-34.69839270833334 HTTP/1.1" 200 None
2025-05-28 03:48:34,338 - urllib3.connectionpool - DEBUG - https://api.open-elevation.com:443 "GET /api/v1/lookup?locations=34.6883,-35.899775 HTTP/1.1" 200 None
2025-05-28 03:48:35,079 - urllib3.connectionpool - DEBUG - https://api.open-elevation.com:443 "GET /api/v1/lookup?locations=34.73102083333333,-37.10115729166667 HTTP/1.1" 200 None
2025-05-28 03:48:36,071 - urllib3.connectionpool - DEBUG - https://api.open-elevation.com:443 "GET /api/v1/lookup?locations=34.773741666666666,-38.30253958333333 HTTP/1.1" 200 None
2025-05-28 03:48:37,029 - urllib3.connectionpool - DEBUG - https://api.open-elevation.com:443 "GET /api/v1/lookup?locations=34.8164625,-39.503921875 HTTP/1.1" 200 None
2025-05-28 03:48:38,385 - urllib3.connectionpool - DEBUG - https://api.open-elevation.com:443 "GET /api/v1/lookup?locations=34.859183333333334,-40.70530416666667 HTTP/1.1" 200 None
2025-05-28 03:48:39,819 - urllib3.connectionpool - DEBUG - https://api.open-elevation.com:443 "GET /api/v1/lookup?locations=34.90190416666667,-41.90668645833333 HTTP/1.1" 200 None
2025-05-28 03:48:40,869 - urllib3.connectionpool - DEBUG - https://api.open-elevation.com:443 "GET /api/v1/lookup?locations=34.944625,-43.10806875 HTTP/1.1" 200 None
2025-05-28 03:48:41,895 - urllib3.connectionpool - DEBUG - https://api.open-elevation.com:443 "GET /api/v1/lookup?locations=34.98734583333333,-44.30945104166667 HTTP/1.1" 200 None
2025-05-28 03:48:43,333 - urllib3.connectionpool - DEBUG - https://api.open-elevation.com:443 "GET /api/v1/lookup?locations=35.03006666666666,-45.51083333333333 HTTP/1.1" 200 None
2025-05-28 03:48:43,950 - urllib3.connectionpool - DEBUG - https://api.open-elevation.com:443 "GET /api/v1/lookup?locations=35.0727875,-46.712215625 HTTP/1.1" 200 None
2025-05-28 03:48:44,156 - urllib3.connectionpool - DEBUG - https://api.open-elevation.com:443 "GET /api/v1/lookup?locations=35.11550833333333,-47.913597916666674 HTTP/1.1" 200 None
2025-05-28 03:48:44,555 - urllib3.connectionpool - DEBUG - https://api.open-elevation.com:443 "GET /api/v1/lookup?locations=35.158229166666665,-49.114980208333336 HTTP/1.1" 200 None
2025-05-28 03:48:45,051 - urllib3.connectionpool - DEBUG - https://api.open-elevation.com:443 "GET /api/v1/lookup?locations=35.20095,-50.316362500000004 HTTP/1.1" 200 None
2025-05-28 03:48:45,446 - urllib3.connectionpool - DEBUG - https://api.open-elevation.com:443 "GET /api/v1/lookup?locations=35.24367083333333,-51.51774479166667 HTTP/1.1" 200 None
2025-05-28 03:48:45,886 - urllib3.connectionpool - DEBUG - https://api.open-elevation.com:443 "GET /api/v1/lookup?locations=35.28639166666667,-52.71912708333333 HTTP/1.1" 200 None
2025-05-28 03:48:46,396 - urllib3.connectionpool - DEBUG - https://api.open-elevation.com:443 "GET /api/v1/lookup?locations=35.3291125,-53.920509375 HTTP/1.1" 200 None
2025-05-28 03:48:46,729 - urllib3.connectionpool - DEBUG - https://api.open-elevation.com:443 "GET /api/v1/lookup?locations=35.371833333333335,-55.12189166666667 HTTP/1.1" 200 None
2025-05-28 03:48:47,221 - urllib3.connectionpool - DEBUG - https://api.open-elevation.com:443 "GET /api/v1/lookup?locations=35.41455416666667,-56.32327395833333 HTTP/1.1" 200 None
2025-05-28 03:48:47,655 - urllib3.connectionpool - DEBUG - https://api.open-elevation.com:443 "GET /api/v1/lookup?locations=35.457274999999996,-57.52465625 HTTP/1.1" 200 None
2025-05-28 03:48:48,019 - urllib3.connectionpool - DEBUG - https://api.open-elevation.com:443 "GET /api/v1/lookup?locations=35.49999583333333,-58.72603854166667 HTTP/1.1" 200 None
2025-05-28 03:48:48,325 - urllib3.connectionpool - DEBUG - https://api.open-elevation.com:443 "GET /api/v1/lookup?locations=35.542716666666664,-59.927420833333336 HTTP/1.1" 200 None
2025-05-28 03:48:48,629 - urllib3.connectionpool - DEBUG - https://api.open-elevation.com:443 "GET /api/v1/lookup?locations=35.5854375,-61.128803125000005 HTTP/1.1" 200 None
2025-05-28 03:48:49,358 - urllib3.connectionpool - DEBUG - https://api.open-elevation.com:443 "GET /api/v1/lookup?locations=35.62815833333333,-62.33018541666667 HTTP/1.1" 200 None
2025-05-28 03:48:50,150 - urllib3.connectionpool - DEBUG - https://api.open-elevation.com:443 "GET /api/v1/lookup?locations=35.670879166666666,-63.531567708333334 HTTP/1.1" 200 None
2025-05-28 03:48:51,136 - urllib3.connectionpool - DEBUG - https://api.open-elevation.com:443 "GET /api/v1/lookup?locations=35.7136,-64.73295 HTTP/1.1" 200 None
2025-05-28 03:48:51,597 - urllib3.connectionpool - DEBUG - https://api.open-elevation.com:443 "GET /api/v1/lookup?locations=35.756320833333334,-65.93433229166666 HTTP/1.1" 200 None
2025-05-28 03:48:52,204 - urllib3.connectionpool - DEBUG - https://api.open-elevation.com:443 "GET /api/v1/lookup?locations=35.79904166666667,-67.13571458333334 HTTP/1.1" 200 None
2025-05-28 03:48:52,834 - urllib3.connectionpool - DEBUG - https://api.open-elevation.com:443 "GET /api/v1/lookup?locations=35.8417625,-68.337096875 HTTP/1.1" 200 None
2025-05-28 03:48:53,362 - urllib3.connectionpool - DEBUG - https://api.open-elevation.com:443 "GET /api/v1/lookup?locations=35.884483333333336,-69.53847916666666 HTTP/1.1" 200 None
2025-05-28 03:48:53,585 - urllib3.connectionpool - DEBUG - https://api.open-elevation.com:443 "GET /api/v1/lookup?locations=35.92720416666667,-70.73986145833334 HTTP/1.1" 200 None
2025-05-28 03:48:54,082 - urllib3.connectionpool - DEBUG - https://api.open-elevation.com:443 "GET /api/v1/lookup?locations=35.969925,-71.94124375 HTTP/1.1" 200 None
2025-05-28 03:48:54,300 - urllib3.connectionpool - DEBUG - https://api.open-elevation.com:443 "GET /api/v1/lookup?locations=36.01264583333333,-73.14262604166666 HTTP/1.1" 200 None
2025-05-28 03:48:54,618 - urllib3.connectionpool - DEBUG - https://api.open-elevation.com:443 "GET /api/v1/lookup?locations=36.055366666666664,-74.34400833333333 HTTP/1.1" 200 None
2025-05-28 03:48:54,833 - urllib3.connectionpool - DEBUG - https://api.open-elevation.com:443 "GET /api/v1/lookup?locations=36.0980875,-75.545390625 HTTP/1.1" 200 None
2025-05-28 03:48:55,037 - urllib3.connectionpool - DEBUG - https://api.open-elevation.com:443 "GET /api/v1/lookup?locations=36.14080833333333,-76.74677291666666 HTTP/1.1" 200 None
2025-05-28 03:48:55,412 - urllib3.connectionpool - DEBUG - https://api.open-elevation.com:443 "GET /api/v1/lookup?locations=36.183529166666666,-77.94815520833333 HTTP/1.1" 200 None
2025-05-28 03:48:55,839 - urllib3.connectionpool - DEBUG - https://api.open-elevation.com:443 "GET /api/v1/lookup?locations=36.22625,-79.1495375 HTTP/1.1" 200 None
2025-05-28 03:48:56,358 - urllib3.connectionpool - DEBUG - https://api.open-elevation.com:443 "GET /api/v1/lookup?locations=36.268970833333334,-80.35091979166666 HTTP/1.1" 200 None
2025-05-28 03:48:56,744 - urllib3.connectionpool - DEBUG - https://api.open-elevation.com:443 "GET /api/v1/lookup?locations=36.31169166666667,-81.55230208333333 HTTP/1.1" 200 None
2025-05-28 03:48:57,074 - urllib3.connectionpool - DEBUG - https://api.open-elevation.com:443 "GET /api/v1/lookup?locations=36.3544125,-82.75368437499999 HTTP/1.1" 200 None
2025-05-28 03:48:57,537 - urllib3.connectionpool - DEBUG - https://api.open-elevation.com:443 "GET /api/v1/lookup?locations=36.397133333333336,-83.95506666666665 HTTP/1.1" 200 None
2025-05-28 03:48:57,834 - urllib3.connectionpool - DEBUG - https://api.open-elevation.com:443 "GET /api/v1/lookup?locations=36.43985416666667,-85.15644895833333 HTTP/1.1" 200 None
2025-05-28 03:48:58,233 - urllib3.connectionpool - DEBUG - https://api.open-elevation.com:443 "GET /api/v1/lookup?locations=36.482575,-86.35783124999999 HTTP/1.1" 200 None
2025-05-28 03:48:58,966 - urllib3.connectionpool - DEBUG - https://api.open-elevation.com:443 "GET /api/v1/lookup?locations=36.52529583333333,-87.55921354166667 HTTP/1.1" 200 None
2025-05-28 03:48:59,759 - urllib3.connectionpool - DEBUG - https://api.open-elevation.com:443 "GET /api/v1/lookup?locations=36.568016666666665,-88.76059583333334 HTTP/1.1" 200 None
2025-05-28 03:49:00,350 - urllib3.connectionpool - DEBUG - https://api.open-elevation.com:443 "GET /api/v1/lookup?locations=36.6107375,-89.961978125 HTTP/1.1" 200 None
2025-05-28 03:49:01,007 - urllib3.connectionpool - DEBUG - https://api.open-elevation.com:443 "GET /api/v1/lookup?locations=36.65345833333333,-91.16336041666666 HTTP/1.1" 200 None
2025-05-28 03:49:01,851 - urllib3.connectionpool - DEBUG - https://api.open-elevation.com:443 "GET /api/v1/lookup?locations=36.69617916666667,-92.36474270833334 HTTP/1.1" 200 None
2025-05-28 03:49:02,801 - urllib3.connectionpool - DEBUG - https://api.open-elevation.com:443 "GET /api/v1/lookup?locations=36.7389,-93.566125 HTTP/1.1" 200 None
2025-05-28 03:49:03,046 - urllib3.connectionpool - DEBUG - https://api.open-elevation.com:443 "GET /api/v1/lookup?locations=36.781620833333335,-94.76750729166666 HTTP/1.1" 200 None
2025-05-28 03:49:03,293 - urllib3.connectionpool - DEBUG - https://api.open-elevation.com:443 "GET /api/v1/lookup?locations=36.82434166666667,-95.96888958333334 HTTP/1.1" 200 None
2025-05-28 03:49:03,531 - urllib3.connectionpool - DEBUG - https://api.open-elevation.com:443 "GET /api/v1/lookup?locations=36.8670625,-97.170271875 HTTP/1.1" 200 None
2025-05-28 03:49:04,162 - urllib3.connectionpool - DEBUG - https://api.open-elevation.com:443 "GET /api/v1/lookup?locations=36.90978333333334,-98.37165416666666 HTTP/1.1" 200 None
2025-05-28 03:49:04,784 - urllib3.connectionpool - DEBUG - https://api.open-elevation.com:443 "GET /api/v1/lookup?locations=36.95250416666667,-99.57303645833333 HTTP/1.1" 200 None
2025-05-28 03:49:05,167 - urllib3.connectionpool - DEBUG - https://api.open-elevation.com:443 "GET /api/v1/lookup?locations=36.995225000000005,-100.77441875 HTTP/1.1" 200 None
2025-05-28 03:49:05,748 - urllib3.connectionpool - DEBUG - https://api.open-elevation.com:443 "GET /api/v1/lookup?locations=37.03794583333333,-101.97580104166666 HTTP/1.1" 200 None
2025-05-28 03:49:06,394 - urllib3.connectionpool - DEBUG - https://api.open-elevation.com:443 "GET /api/v1/lookup?locations=37.080666666666666,-103.17718333333333 HTTP/1.1" 200 None
2025-05-28 03:49:07,232 - urllib3.connectionpool - DEBUG - https://api.open-elevation.com:443 "GET /api/v1/lookup?locations=37.1233875,-104.378565625 HTTP/1.1" 200 None
2025-05-28 03:49:08,229 - urllib3.connectionpool - DEBUG - https://api.open-elevation.com:443 "GET /api/v1/lookup?locations=37.166108333333334,-105.57994791666665 HTTP/1.1" 200 None
2025-05-28 03:49:08,865 - urllib3.connectionpool - DEBUG - https://api.open-elevation.com:443 "GET /api/v1/lookup?locations=37.20882916666667,-106.78133020833333 HTTP/1.1" 200 None
2025-05-28 03:49:09,824 - urllib3.connectionpool - DEBUG - https://api.open-elevation.com:443 "GET /api/v1/lookup?locations=37.25155,-107.98271249999999 HTTP/1.1" 200 None
